2024-06-25 15:40:25,762 INFO    StreamThr :82207 [internal.py:wandb_internal():85] W&B internal server running at pid: 82207, started at: 2024-06-25 15:40:25.760457
2024-06-25 15:40:25,764 DEBUG   HandlerThread:82207 [handler.py:handle_request():158] handle_request: status
2024-06-25 15:40:25,775 INFO    WriterThread:82207 [datastore.py:open_for_write():87] open: /Users/rajit906/Downloads/Dissertation/Symmetry-invariant-Tractable-Generative-Models/src/wandb/run-20240625_154025-3/run-3.wandb
2024-06-25 15:40:25,775 DEBUG   SenderThread:82207 [sender.py:send():378] send: header
2024-06-25 15:40:25,820 DEBUG   SenderThread:82207 [sender.py:send():378] send: run
2024-06-25 15:40:26,331 INFO    SenderThread:82207 [dir_watcher.py:__init__():211] watching files in: /Users/rajit906/Downloads/Dissertation/Symmetry-invariant-Tractable-Generative-Models/src/wandb/run-20240625_154025-3/files
2024-06-25 15:40:26,331 INFO    SenderThread:82207 [sender.py:_start_run_threads():1123] run started: 3 with start time 1719326425.759709
2024-06-25 15:40:30,233 ERROR   SenderThread:82207 [internal_api.py:execute():344] 409 response executing GraphQL.
2024-06-25 15:40:30,234 ERROR   SenderThread:82207 [internal_api.py:execute():345] {"errors":[{"message":"run 1 was previously created and deleted; try a new run name","path":["upsertBucket"]}],"data":{"upsertBucket":null}}
2024-06-25 15:40:30,853 DEBUG   HandlerThread:82207 [handler.py:handle_request():158] handle_request: keepalive
2024-06-25 15:40:31,347 DEBUG   HandlerThread:82207 [handler.py:handle_request():158] handle_request: status_report
2024-06-25 15:40:35,876 DEBUG   HandlerThread:82207 [handler.py:handle_request():158] handle_request: keepalive
2024-06-25 15:40:36,367 DEBUG   HandlerThread:82207 [handler.py:handle_request():158] handle_request: status_report
2024-06-25 15:40:40,896 DEBUG   HandlerThread:82207 [handler.py:handle_request():158] handle_request: keepalive
2024-06-25 15:40:41,384 DEBUG   HandlerThread:82207 [handler.py:handle_request():158] handle_request: status_report
2024-06-25 15:40:45,920 DEBUG   HandlerThread:82207 [handler.py:handle_request():158] handle_request: keepalive
2024-06-25 15:40:46,400 DEBUG   HandlerThread:82207 [handler.py:handle_request():158] handle_request: status_report
2024-06-25 15:40:50,949 DEBUG   HandlerThread:82207 [handler.py:handle_request():158] handle_request: keepalive
2024-06-25 15:40:51,421 DEBUG   HandlerThread:82207 [handler.py:handle_request():158] handle_request: status_report
2024-06-25 15:40:55,970 DEBUG   HandlerThread:82207 [handler.py:handle_request():158] handle_request: keepalive
2024-06-25 15:40:56,439 DEBUG   HandlerThread:82207 [handler.py:handle_request():158] handle_request: status_report
2024-06-25 15:41:00,998 DEBUG   HandlerThread:82207 [handler.py:handle_request():158] handle_request: keepalive
2024-06-25 15:41:01,460 DEBUG   HandlerThread:82207 [handler.py:handle_request():158] handle_request: status_report
2024-06-25 15:41:05,136 ERROR   SenderThread:82207 [internal_api.py:execute():344] 409 response executing GraphQL.
2024-06-25 15:41:05,138 ERROR   SenderThread:82207 [internal_api.py:execute():345] {"errors":[{"message":"run 1 was previously created and deleted; try a new run name","path":["upsertBucket"]}],"data":{"upsertBucket":null}}
2024-06-25 15:41:06,023 DEBUG   HandlerThread:82207 [handler.py:handle_request():158] handle_request: keepalive
2024-06-25 15:41:06,482 DEBUG   HandlerThread:82207 [handler.py:handle_request():158] handle_request: status_report
2024-06-25 15:41:11,050 DEBUG   HandlerThread:82207 [handler.py:handle_request():158] handle_request: keepalive
2024-06-25 15:41:11,498 DEBUG   HandlerThread:82207 [handler.py:handle_request():158] handle_request: status_report
2024-06-25 15:41:16,078 DEBUG   HandlerThread:82207 [handler.py:handle_request():158] handle_request: keepalive
2024-06-25 15:41:16,514 DEBUG   HandlerThread:82207 [handler.py:handle_request():158] handle_request: status_report
2024-06-25 15:41:21,103 DEBUG   HandlerThread:82207 [handler.py:handle_request():158] handle_request: keepalive
2024-06-25 15:41:21,538 DEBUG   HandlerThread:82207 [handler.py:handle_request():158] handle_request: status_report
2024-06-25 15:41:26,131 DEBUG   HandlerThread:82207 [handler.py:handle_request():158] handle_request: keepalive
2024-06-25 15:41:26,555 DEBUG   HandlerThread:82207 [handler.py:handle_request():158] handle_request: status_report
2024-06-25 15:41:31,160 DEBUG   HandlerThread:82207 [handler.py:handle_request():158] handle_request: keepalive
2024-06-25 15:41:31,574 DEBUG   HandlerThread:82207 [handler.py:handle_request():158] handle_request: status_report
2024-06-25 15:41:36,183 DEBUG   HandlerThread:82207 [handler.py:handle_request():158] handle_request: keepalive
2024-06-25 15:41:36,595 DEBUG   HandlerThread:82207 [handler.py:handle_request():158] handle_request: status_report
2024-06-25 15:41:41,207 DEBUG   HandlerThread:82207 [handler.py:handle_request():158] handle_request: keepalive
2024-06-25 15:41:41,615 DEBUG   HandlerThread:82207 [handler.py:handle_request():158] handle_request: status_report
2024-06-25 15:41:46,232 DEBUG   HandlerThread:82207 [handler.py:handle_request():158] handle_request: keepalive
2024-06-25 15:41:46,629 DEBUG   HandlerThread:82207 [handler.py:handle_request():158] handle_request: status_report
2024-06-25 15:41:51,259 DEBUG   HandlerThread:82207 [handler.py:handle_request():158] handle_request: keepalive
2024-06-25 15:41:51,648 DEBUG   HandlerThread:82207 [handler.py:handle_request():158] handle_request: status_report
2024-06-25 15:41:56,283 DEBUG   HandlerThread:82207 [handler.py:handle_request():158] handle_request: cancel
2024-06-25 15:41:56,284 DEBUG   HandlerThread:82207 [handler.py:handle_request():158] handle_request: cancel
2024-06-25 15:41:56,667 DEBUG   HandlerThread:82207 [handler.py:handle_request():158] handle_request: status_report
2024-06-25 15:42:01,687 DEBUG   HandlerThread:82207 [handler.py:handle_request():158] handle_request: status_report
2024-06-25 15:42:06,709 DEBUG   HandlerThread:82207 [handler.py:handle_request():158] handle_request: status_report
2024-06-25 15:42:09,465 ERROR   SenderThread:82207 [internal_api.py:execute():344] 409 response executing GraphQL.
2024-06-25 15:42:09,466 ERROR   SenderThread:82207 [internal_api.py:execute():345] {"errors":[{"message":"run 1 was previously created and deleted; try a new run name","path":["upsertBucket"]}],"data":{"upsertBucket":null}}
2024-06-25 15:42:09,468 ERROR   SenderThread:82207 [sender.py:send_run():970] run 1 was previously created and deleted; try a new run name (Error 409: Conflict)
Traceback (most recent call last):
  File "/Library/Frameworks/Python.framework/Versions/3.11/lib/python3.11/site-packages/wandb/apis/normalize.py", line 41, in wrapper
    return func(*args, **kwargs)
           ^^^^^^^^^^^^^^^^^^^^^
  File "/Library/Frameworks/Python.framework/Versions/3.11/lib/python3.11/site-packages/wandb/sdk/internal/internal_api.py", line 2188, in upsert_run
    response = self.gql(
               ^^^^^^^^^
  File "/Library/Frameworks/Python.framework/Versions/3.11/lib/python3.11/site-packages/wandb/sdk/internal/internal_api.py", line 312, in gql
    ret = self._retry_gql(
          ^^^^^^^^^^^^^^^^
  File "/Library/Frameworks/Python.framework/Versions/3.11/lib/python3.11/site-packages/wandb/sdk/lib/retry.py", line 131, in __call__
    result = self._call_fn(*args, **kwargs)
             ^^^^^^^^^^^^^^^^^^^^^^^^^^^^^^
  File "/Library/Frameworks/Python.framework/Versions/3.11/lib/python3.11/site-packages/wandb/sdk/internal/internal_api.py", line 340, in execute
    return self.client.execute(*args, **kwargs)  # type: ignore
           ^^^^^^^^^^^^^^^^^^^^^^^^^^^^^^^^^^^^
  File "/Library/Frameworks/Python.framework/Versions/3.11/lib/python3.11/site-packages/wandb/vendor/gql-0.2.0/wandb_gql/client.py", line 52, in execute
    result = self._get_result(document, *args, **kwargs)
             ^^^^^^^^^^^^^^^^^^^^^^^^^^^^^^^^^^^^^^^^^^^
  File "/Library/Frameworks/Python.framework/Versions/3.11/lib/python3.11/site-packages/wandb/vendor/gql-0.2.0/wandb_gql/client.py", line 60, in _get_result
    return self.transport.execute(document, *args, **kwargs)
           ^^^^^^^^^^^^^^^^^^^^^^^^^^^^^^^^^^^^^^^^^^^^^^^^^
  File "/Library/Frameworks/Python.framework/Versions/3.11/lib/python3.11/site-packages/wandb/sdk/lib/gql_request.py", line 59, in execute
    request.raise_for_status()
  File "/Library/Frameworks/Python.framework/Versions/3.11/lib/python3.11/site-packages/requests/models.py", line 1021, in raise_for_status
    raise HTTPError(http_error_msg, response=self)
requests.exceptions.HTTPError: 409 Client Error: Conflict for url: https://api.wandb.ai/graphql

During handling of the above exception, another exception occurred:

Traceback (most recent call last):
  File "/Library/Frameworks/Python.framework/Versions/3.11/lib/python3.11/site-packages/wandb/sdk/internal/sender.py", line 968, in send_run
    server_run = self._init_run(run, config_value_dict)
                 ^^^^^^^^^^^^^^^^^^^^^^^^^^^^^^^^^^^^^^
  File "/Library/Frameworks/Python.framework/Versions/3.11/lib/python3.11/site-packages/wandb/sdk/internal/sender.py", line 1013, in _init_run
    server_run, inserted, server_messages = self._api.upsert_run(
                                            ^^^^^^^^^^^^^^^^^^^^^
  File "/Library/Frameworks/Python.framework/Versions/3.11/lib/python3.11/site-packages/wandb/apis/normalize.py", line 51, in wrapper
    raise CommError(message, error)
wandb.errors.CommError: run 1 was previously created and deleted; try a new run name (Error 409: Conflict)
2024-06-25 15:42:09,478 DEBUG   HandlerThread:82207 [handler.py:handle_request():158] handle_request: status_report
2024-06-25 15:42:11,730 DEBUG   HandlerThread:82207 [handler.py:handle_request():158] handle_request: status_report
2024-06-25 15:42:14,495 DEBUG   HandlerThread:82207 [handler.py:handle_request():158] handle_request: status_report
2024-06-25 15:42:16,748 DEBUG   HandlerThread:82207 [handler.py:handle_request():158] handle_request: status_report
2024-06-25 15:42:19,514 DEBUG   HandlerThread:82207 [handler.py:handle_request():158] handle_request: status_report
2024-06-25 15:42:21,767 DEBUG   HandlerThread:82207 [handler.py:handle_request():158] handle_request: status_report
2024-06-25 15:42:24,535 DEBUG   HandlerThread:82207 [handler.py:handle_request():158] handle_request: status_report
2024-06-25 15:42:26,785 DEBUG   HandlerThread:82207 [handler.py:handle_request():158] handle_request: status_report
2024-06-25 15:42:29,552 DEBUG   HandlerThread:82207 [handler.py:handle_request():158] handle_request: status_report
2024-06-25 15:42:31,807 DEBUG   HandlerThread:82207 [handler.py:handle_request():158] handle_request: status_report
2024-06-25 15:42:34,576 DEBUG   HandlerThread:82207 [handler.py:handle_request():158] handle_request: status_report
2024-06-25 15:42:36,823 DEBUG   HandlerThread:82207 [handler.py:handle_request():158] handle_request: status_report
2024-06-25 15:42:39,598 DEBUG   HandlerThread:82207 [handler.py:handle_request():158] handle_request: status_report
2024-06-25 15:42:41,845 DEBUG   HandlerThread:82207 [handler.py:handle_request():158] handle_request: status_report
2024-06-25 15:42:44,621 DEBUG   HandlerThread:82207 [handler.py:handle_request():158] handle_request: status_report
2024-06-25 15:42:46,863 DEBUG   HandlerThread:82207 [handler.py:handle_request():158] handle_request: status_report
2024-06-25 15:42:49,642 DEBUG   HandlerThread:82207 [handler.py:handle_request():158] handle_request: status_report
2024-06-25 15:42:51,885 DEBUG   HandlerThread:82207 [handler.py:handle_request():158] handle_request: status_report
2024-06-25 15:42:54,665 DEBUG   HandlerThread:82207 [handler.py:handle_request():158] handle_request: status_report
2024-06-25 15:42:56,907 DEBUG   HandlerThread:82207 [handler.py:handle_request():158] handle_request: status_report
2024-06-25 15:42:59,689 DEBUG   HandlerThread:82207 [handler.py:handle_request():158] handle_request: status_report
2024-06-25 15:43:01,932 DEBUG   HandlerThread:82207 [handler.py:handle_request():158] handle_request: status_report
2024-06-25 15:43:04,713 DEBUG   HandlerThread:82207 [handler.py:handle_request():158] handle_request: status_report
2024-06-25 15:43:06,949 DEBUG   HandlerThread:82207 [handler.py:handle_request():158] handle_request: status_report
2024-06-25 15:43:09,731 DEBUG   HandlerThread:82207 [handler.py:handle_request():158] handle_request: status_report
2024-06-25 15:43:11,971 DEBUG   HandlerThread:82207 [handler.py:handle_request():158] handle_request: status_report
2024-06-25 15:43:14,745 DEBUG   HandlerThread:82207 [handler.py:handle_request():158] handle_request: status_report
2024-06-25 15:43:16,990 DEBUG   HandlerThread:82207 [handler.py:handle_request():158] handle_request: status_report
2024-06-25 15:43:19,761 DEBUG   HandlerThread:82207 [handler.py:handle_request():158] handle_request: status_report
2024-06-25 15:43:22,005 DEBUG   HandlerThread:82207 [handler.py:handle_request():158] handle_request: status_report
2024-06-25 15:43:24,780 DEBUG   HandlerThread:82207 [handler.py:handle_request():158] handle_request: status_report
2024-06-25 15:43:27,029 DEBUG   HandlerThread:82207 [handler.py:handle_request():158] handle_request: status_report
2024-06-25 15:43:29,806 DEBUG   HandlerThread:82207 [handler.py:handle_request():158] handle_request: status_report
2024-06-25 15:43:32,048 DEBUG   HandlerThread:82207 [handler.py:handle_request():158] handle_request: status_report
